# JRE version: Java(TM) SE Runtime Environment (8.0_45-b14) (build 1.8.0_45-b14)
# Java VM: Java HotSpot(TM) 64-Bit Server VM (25.45-b02 mixed mode bsd-amd64 compressed oops)
Heap:
 par new generation   total 39296K, used 33712K [0x0000000740000000, 0x0000000742aa0000, 0x0000000769990000)
  eden space 34944K,  90% used [0x0000000740000000, 0x0000000741edc358, 0x0000000742220000)
  from space 4352K,  48% used [0x0000000742660000, 0x000000074286fe90, 0x0000000742aa0000)
  to   space 4352K,   0% used [0x0000000742220000, 0x0000000742220000, 0x0000000742660000)
 concurrent mark-sweep generation total 87424K, used 18400K [0x0000000769990000, 0x000000076eef0000, 0x00000007c0000000)
 Metaspace       used 47673K, capacity 47948K, committed 48152K, reserved 1091584K
  class space    used 5279K, capacity 5374K, committed 5400K, reserved 1048576K
GC Heap History (10 events):
Event: 7.610 GC heap before
{Heap before GC invocations=12 (full 1):
 par new generation   total 39296K, used 37851K [0x0000000740000000, 0x0000000742aa0000, 0x0000000769990000)
  eden space 34944K, 100% used [0x0000000740000000, 0x0000000742220000, 0x0000000742220000)
  from space 4352K,  66% used [0x0000000742220000, 0x00000007424f6c10, 0x0000000742660000)
  to   space 4352K,   0% used [0x0000000742660000, 0x0000000742660000, 0x0000000742aa0000)
 concurrent mark-sweep generation total 87424K, used 8640K [0x0000000769990000, 0x000000076eef0000, 0x00000007c0000000)
 Metaspace       used 38533K, capacity 38748K, committed 39064K, reserved 1083392K
  class space    used 4398K, capacity 4459K, committed 4504K, reserved 1048576K
Event: 7.614 GC heap after
Heap after GC invocations=13 (full 1):
 par new generation   total 39296K, used 2675K [0x0000000740000000, 0x0000000742aa0000, 0x0000000769990000)
  eden space 34944K,   0% used [0x0000000740000000, 0x0000000740000000, 0x0000000742220000)
  from space 4352K,  61% used [0x0000000742660000, 0x00000007428fceb8, 0x0000000742aa0000)
  to   space 4352K,   0% used [0x0000000742220000, 0x0000000742220000, 0x0000000742660000)
 concurrent mark-sweep generation total 87424K, used 9395K [0x0000000769990000, 0x000000076eef0000, 0x00000007c0000000)
 Metaspace       used 38533K, capacity 38748K, committed 39064K, reserved 1083392K
  class space    used 4398K, capacity 4459K, committed 4504K, reserved 1048576K
}
Event: 10.306 GC heap before
{Heap before GC invocations=13 (full 1):
 par new generation   total 39296K, used 37619K [0x0000000740000000, 0x0000000742aa0000, 0x0000000769990000)
  eden space 34944K, 100% used [0x0000000740000000, 0x0000000742220000, 0x0000000742220000)
  from space 4352K,  61% used [0x0000000742660000, 0x00000007428fceb8, 0x0000000742aa0000)
  to   space 4352K,   0% used [0x0000000742220000, 0x0000000742220000, 0x0000000742660000)
 concurrent mark-sweep generation total 87424K, used 9395K [0x0000000769990000, 0x000000076eef0000, 0x00000007c0000000)
 Metaspace       used 40791K, capacity 40994K, committed 41380K, reserved 1085440K
  class space    used 4653K, capacity 4716K, committed 4760K, reserved 1048576K
Event: 10.312 GC heap after
Heap after GC invocations=14 (full 1):
 par new generation   total 39296K, used 3624K [0x0000000740000000, 0x0000000742aa0000, 0x0000000769990000)
  eden space 34944K,   0% used [0x0000000740000000, 0x0000000740000000, 0x0000000742220000)
  from space 4352K,  83% used [0x0000000742220000, 0x00000007425aa348, 0x0000000742660000)
  to   space 4352K,   0% used [0x0000000742660000, 0x0000000742660000, 0x0000000742aa0000)
 concurrent mark-sweep generation total 87424K, used 10945K [0x0000000769990000, 0x000000076eef0000, 0x00000007c0000000)
 Metaspace       used 40791K, capacity 40994K, committed 41380K, reserved 1085440K
  class space    used 4653K, capacity 4716K, committed 4760K, reserved 1048576K
}
Event: 10.963 GC heap before
{Heap before GC invocations=14 (full 2):
 par new generation   total 39296K, used 38568K [0x0000000740000000, 0x0000000742aa0000, 0x0000000769990000)
  eden space 34944K, 100% used [0x0000000740000000, 0x0000000742220000, 0x0000000742220000)
  from space 4352K,  83% used [0x0000000742220000, 0x00000007425aa348, 0x0000000742660000)
  to   space 4352K,   0% used [0x0000000742660000, 0x0000000742660000, 0x0000000742aa0000)
 concurrent mark-sweep generation total 87424K, used 10150K [0x0000000769990000, 0x000000076eef0000, 0x00000007c0000000)
 Metaspace       used 44177K, capacity 44398K, committed 44568K, reserved 1089536K
  class space    used 5023K, capacity 5102K, committed 5144K, reserved 1048576K
Event: 10.968 GC heap after
Heap after GC invocations=15 (full 2):
 par new generation   total 39296K, used 4351K [0x0000000740000000, 0x0000000742aa0000, 0x0000000769990000)
  eden space 34944K,   0% used [0x0000000740000000, 0x0000000740000000, 0x0000000742220000)
  from space 4352K,  99% used [0x0000000742660000, 0x0000000742a9fff8, 0x0000000742aa0000)
  to   space 4352K,   0% used [0x0000000742220000, 0x0000000742220000, 0x0000000742660000)
 concurrent mark-sweep generation total 87424K, used 13137K [0x0000000769990000, 0x000000076eef0000, 0x00000007c0000000)
 Metaspace       used 44177K, capacity 44398K, committed 44568K, reserved 1089536K
  class space    used 5023K, capacity 5102K, committed 5144K, reserved 1048576K
}
Event: 13.915 GC heap before
{Heap before GC invocations=15 (full 2):
 par new generation   total 39296K, used 39295K [0x0000000740000000, 0x0000000742aa0000, 0x0000000769990000)
  eden space 34944K, 100% used [0x0000000740000000, 0x0000000742220000, 0x0000000742220000)
  from space 4352K,  99% used [0x0000000742660000, 0x0000000742a9fff8, 0x0000000742aa0000)
  to   space 4352K,   0% used [0x0000000742220000, 0x0000000742220000, 0x0000000742660000)
 concurrent mark-sweep generation total 87424K, used 13137K [0x0000000769990000, 0x000000076eef0000, 0x00000007c0000000)
 Metaspace       used 45392K, capacity 45618K, committed 45976K, reserved 1089536K
  class space    used 5132K, capacity 5204K, committed 5272K, reserved 1048576K
Event: 13.919 GC heap after
Heap after GC invocations=16 (full 2):
 par new generation   total 39296K, used 3751K [0x0000000740000000, 0x0000000742aa0000, 0x0000000769990000)
  eden space 34944K,   0% used [0x0000000740000000, 0x0000000740000000, 0x0000000742220000)
  from space 4352K,  86% used [0x0000000742220000, 0x00000007425c9ff0, 0x0000000742660000)
  to   space 4352K,   0% used [0x0000000742660000, 0x0000000742660000, 0x0000000742aa0000)
 concurrent mark-sweep generation total 87424K, used 17981K [0x0000000769990000, 0x000000076eef0000, 0x00000007c0000000)
 Metaspace       used 45392K, capacity 45618K, committed 45976K, reserved 1089536K
  class space    used 5132K, capacity 5204K, committed 5272K, reserved 1048576K
}
Event: 330.532 GC heap before
{Heap before GC invocations=16 (full 2):
 par new generation   total 39296K, used 38695K [0x0000000740000000, 0x0000000742aa0000, 0x0000000769990000)
  eden space 34944K, 100% used [0x0000000740000000, 0x0000000742220000, 0x0000000742220000)
  from space 4352K,  86% used [0x0000000742220000, 0x00000007425c9ff0, 0x0000000742660000)
  to   space 4352K,   0% used [0x0000000742660000, 0x0000000742660000, 0x0000000742aa0000)
 concurrent mark-sweep generation total 87424K, used 17981K [0x0000000769990000, 0x000000076eef0000, 0x00000007c0000000)
 Metaspace       used 46687K, capacity 46894K, committed 47384K, reserved 1091584K
  class space    used 5221K, capacity 5305K, committed 5400K, reserved 1048576K
Event: 330.543 GC heap after
Heap after GC invocations=17 (full 2):
 par new generation   total 39296K, used 2111K [0x0000000740000000, 0x0000000742aa0000, 0x0000000769990000)
  eden space 34944K,   0% used [0x0000000740000000, 0x0000000740000000, 0x0000000742220000)
  from space 4352K,  48% used [0x0000000742660000, 0x000000074286fe90, 0x0000000742aa0000)
  to   space 4352K,   0% used [0x0000000742220000, 0x0000000742220000, 0x0000000742660000)
 concurrent mark-sweep generation total 87424K, used 18400K [0x0000000769990000, 0x000000076eef0000, 0x00000007c0000000)
 Metaspace       used 46687K, capacity 46894K, committed 47384K, reserved 1091584K
  class space    used 5221K, capacity 5305K, committed 5400K, reserved 1048576K
}

