# JRE version: Java(TM) SE Runtime Environment (8.0_45-b14) (build 1.8.0_45-b14)
# Java VM: Java HotSpot(TM) 64-Bit Server VM (25.45-b02 mixed mode bsd-amd64 compressed oops)
Heap:
 par new generation   total 39296K, used 22521K [0x0000000740000000, 0x0000000742aa0000, 0x0000000769990000)
  eden space 34944K,  57% used [0x0000000740000000, 0x00000007413b6610, 0x0000000742220000)
  from space 4352K,  53% used [0x0000000742220000, 0x0000000742467ef0, 0x0000000742660000)
  to   space 4352K,   0% used [0x0000000742660000, 0x0000000742660000, 0x0000000742aa0000)
 concurrent mark-sweep generation total 87424K, used 17152K [0x0000000769990000, 0x000000076eef0000, 0x00000007c0000000)
 Metaspace       used 45859K, capacity 46094K, committed 46372K, reserved 1091584K
  class space    used 5172K, capacity 5246K, committed 5248K, reserved 1048576K
GC Heap History (10 events):
Event: 4.632 GC heap before
{Heap before GC invocations=11 (full 1):
 par new generation   total 39296K, used 39057K [0x0000000740000000, 0x0000000742aa0000, 0x0000000769990000)
  eden space 34944K, 100% used [0x0000000740000000, 0x0000000742220000, 0x0000000742220000)
  from space 4352K,  94% used [0x0000000742660000, 0x0000000742a644e0, 0x0000000742aa0000)
  to   space 4352K,   0% used [0x0000000742220000, 0x0000000742220000, 0x0000000742660000)
 concurrent mark-sweep generation total 87424K, used 8471K [0x0000000769990000, 0x000000076eef0000, 0x00000007c0000000)
 Metaspace       used 37608K, capacity 37794K, committed 38024K, reserved 1083392K
  class space    used 4311K, capacity 4396K, committed 4480K, reserved 1048576K
Event: 4.635 GC heap after
Heap after GC invocations=12 (full 1):
 par new generation   total 39296K, used 3181K [0x0000000740000000, 0x0000000742aa0000, 0x0000000769990000)
  eden space 34944K,   0% used [0x0000000740000000, 0x0000000740000000, 0x0000000742220000)
  from space 4352K,  73% used [0x0000000742220000, 0x000000074253b5c0, 0x0000000742660000)
  to   space 4352K,   0% used [0x0000000742660000, 0x0000000742660000, 0x0000000742aa0000)
 concurrent mark-sweep generation total 87424K, used 8985K [0x0000000769990000, 0x000000076eef0000, 0x00000007c0000000)
 Metaspace       used 37608K, capacity 37794K, committed 38024K, reserved 1083392K
  class space    used 4311K, capacity 4396K, committed 4480K, reserved 1048576K
}
Event: 9.407 GC heap before
{Heap before GC invocations=12 (full 2):
 par new generation   total 39296K, used 38125K [0x0000000740000000, 0x0000000742aa0000, 0x0000000769990000)
  eden space 34944K, 100% used [0x0000000740000000, 0x0000000742220000, 0x0000000742220000)
  from space 4352K,  73% used [0x0000000742220000, 0x000000074253b5c0, 0x0000000742660000)
  to   space 4352K,   0% used [0x0000000742660000, 0x0000000742660000, 0x0000000742aa0000)
 concurrent mark-sweep generation total 87424K, used 7781K [0x0000000769990000, 0x000000076eef0000, 0x00000007c0000000)
 Metaspace       used 40627K, capacity 40808K, committed 40996K, reserved 1085440K
  class space    used 4656K, capacity 4717K, committed 4736K, reserved 1048576K
Event: 9.413 GC heap after
Heap after GC invocations=13 (full 2):
 par new generation   total 39296K, used 4222K [0x0000000740000000, 0x0000000742aa0000, 0x0000000769990000)
  eden space 34944K,   0% used [0x0000000740000000, 0x0000000740000000, 0x0000000742220000)
  from space 4352K,  97% used [0x0000000742660000, 0x0000000742a7f8a0, 0x0000000742aa0000)
  to   space 4352K,   0% used [0x0000000742220000, 0x0000000742220000, 0x0000000742660000)
 concurrent mark-sweep generation total 87424K, used 8973K [0x0000000769990000, 0x000000076eef0000, 0x00000007c0000000)
 Metaspace       used 40627K, capacity 40808K, committed 40996K, reserved 1085440K
  class space    used 4656K, capacity 4717K, committed 4736K, reserved 1048576K
}
Event: 10.606 GC heap before
{Heap before GC invocations=13 (full 2):
 par new generation   total 39296K, used 39166K [0x0000000740000000, 0x0000000742aa0000, 0x0000000769990000)
  eden space 34944K, 100% used [0x0000000740000000, 0x0000000742220000, 0x0000000742220000)
  from space 4352K,  97% used [0x0000000742660000, 0x0000000742a7f8a0, 0x0000000742aa0000)
  to   space 4352K,   0% used [0x0000000742220000, 0x0000000742220000, 0x0000000742660000)
 concurrent mark-sweep generation total 87424K, used 8973K [0x0000000769990000, 0x000000076eef0000, 0x00000007c0000000)
 Metaspace       used 43144K, capacity 43380K, committed 43556K, reserved 1087488K
  class space    used 4914K, capacity 4975K, committed 4992K, reserved 1048576K
Event: 10.613 GC heap after
Heap after GC invocations=14 (full 2):
 par new generation   total 39296K, used 4352K [0x0000000740000000, 0x0000000742aa0000, 0x0000000769990000)
  eden space 34944K,   0% used [0x0000000740000000, 0x0000000740000000, 0x0000000742220000)
  from space 4352K, 100% used [0x0000000742220000, 0x0000000742660000, 0x0000000742660000)
  to   space 4352K,   0% used [0x0000000742660000, 0x0000000742660000, 0x0000000742aa0000)
 concurrent mark-sweep generation total 87424K, used 13487K [0x0000000769990000, 0x000000076eef0000, 0x00000007c0000000)
 Metaspace       used 43144K, capacity 43380K, committed 43556K, reserved 1087488K
  class space    used 4914K, capacity 4975K, committed 4992K, reserved 1048576K
}
Event: 14.950 GC heap before
{Heap before GC invocations=14 (full 2):
 par new generation   total 39296K, used 39296K [0x0000000740000000, 0x0000000742aa0000, 0x0000000769990000)
  eden space 34944K, 100% used [0x0000000740000000, 0x0000000742220000, 0x0000000742220000)
  from space 4352K, 100% used [0x0000000742220000, 0x0000000742660000, 0x0000000742660000)
  to   space 4352K,   0% used [0x0000000742660000, 0x0000000742660000, 0x0000000742aa0000)
 concurrent mark-sweep generation total 87424K, used 13487K [0x0000000769990000, 0x000000076eef0000, 0x00000007c0000000)
 Metaspace       used 45588K, capacity 45820K, committed 46116K, reserved 1089536K
  class space    used 5159K, capacity 5243K, committed 5248K, reserved 1048576K
Event: 14.958 GC heap after
Heap after GC invocations=15 (full 2):
 par new generation   total 39296K, used 3077K [0x0000000740000000, 0x0000000742aa0000, 0x0000000769990000)
  eden space 34944K,   0% used [0x0000000740000000, 0x0000000740000000, 0x0000000742220000)
  from space 4352K,  70% used [0x0000000742660000, 0x0000000742961628, 0x0000000742aa0000)
  to   space 4352K,   0% used [0x0000000742220000, 0x0000000742220000, 0x0000000742660000)
 concurrent mark-sweep generation total 87424K, used 16019K [0x0000000769990000, 0x000000076eef0000, 0x00000007c0000000)
 Metaspace       used 45588K, capacity 45820K, committed 46116K, reserved 1089536K
  class space    used 5159K, capacity 5243K, committed 5248K, reserved 1048576K
}
Event: 21.038 GC heap before
{Heap before GC invocations=15 (full 2):
 par new generation   total 39296K, used 38021K [0x0000000740000000, 0x0000000742aa0000, 0x0000000769990000)
  eden space 34944K, 100% used [0x0000000740000000, 0x0000000742220000, 0x0000000742220000)
  from space 4352K,  70% used [0x0000000742660000, 0x0000000742961628, 0x0000000742aa0000)
  to   space 4352K,   0% used [0x0000000742220000, 0x0000000742220000, 0x0000000742660000)
 concurrent mark-sweep generation total 87424K, used 16019K [0x0000000769990000, 0x000000076eef0000, 0x00000007c0000000)
 Metaspace       used 45742K, capacity 46030K, committed 46372K, reserved 1091584K
  class space    used 5167K, capacity 5246K, committed 5248K, reserved 1048576K
Event: 21.042 GC heap after
Heap after GC invocations=16 (full 2):
 par new generation   total 39296K, used 2335K [0x0000000740000000, 0x0000000742aa0000, 0x0000000769990000)
  eden space 34944K,   0% used [0x0000000740000000, 0x0000000740000000, 0x0000000742220000)
  from space 4352K,  53% used [0x0000000742220000, 0x0000000742467ef0, 0x0000000742660000)
  to   space 4352K,   0% used [0x0000000742660000, 0x0000000742660000, 0x0000000742aa0000)
 concurrent mark-sweep generation total 87424K, used 17152K [0x0000000769990000, 0x000000076eef0000, 0x00000007c0000000)
 Metaspace       used 45742K, capacity 46030K, committed 46372K, reserved 1091584K
  class space    used 5167K, capacity 5246K, committed 5248K, reserved 1048576K
}

