# JRE version: Java(TM) SE Runtime Environment (8.0_45-b14) (build 1.8.0_45-b14)
# Java VM: Java HotSpot(TM) 64-Bit Server VM (25.45-b02 mixed mode bsd-amd64 compressed oops)
Heap:
 par new generation   total 39296K, used 14308K [0x0000000740000000, 0x0000000742aa0000, 0x0000000769990000)
  eden space 34944K,  31% used [0x0000000740000000, 0x0000000740ad9868, 0x0000000742220000)
  from space 4352K,  73% used [0x0000000742220000, 0x000000074253fa58, 0x0000000742660000)
  to   space 4352K,   0% used [0x0000000742660000, 0x0000000742660000, 0x0000000742aa0000)
 concurrent mark-sweep generation total 87424K, used 9397K [0x0000000769990000, 0x000000076eef0000, 0x00000007c0000000)
 Metaspace       used 37103K, capacity 37346K, committed 37676K, reserved 1083392K
  class space    used 4262K, capacity 4332K, committed 4452K, reserved 1048576K
GC Heap History (10 events):
Event: 4.434 GC heap before
{Heap before GC invocations=7 (full 1):
 par new generation   total 39296K, used 37668K [0x0000000740000000, 0x0000000742aa0000, 0x0000000769990000)
  eden space 34944K, 100% used [0x0000000740000000, 0x0000000742220000, 0x0000000742220000)
  from space 4352K,  62% used [0x0000000742660000, 0x00000007429090c8, 0x0000000742aa0000)
  to   space 4352K,   0% used [0x0000000742220000, 0x0000000742220000, 0x0000000742660000)
 concurrent mark-sweep generation total 87424K, used 4978K [0x0000000769990000, 0x000000076eef0000, 0x00000007c0000000)
 Metaspace       used 25338K, capacity 25506K, committed 25772K, reserved 1073152K
  class space    used 2959K, capacity 3040K, committed 3044K, reserved 1048576K
Event: 4.437 GC heap after
Heap after GC invocations=8 (full 1):
 par new generation   total 39296K, used 590K [0x0000000740000000, 0x0000000742aa0000, 0x0000000769990000)
  eden space 34944K,   0% used [0x0000000740000000, 0x0000000740000000, 0x0000000742220000)
  from space 4352K,  13% used [0x0000000742220000, 0x00000007422b3920, 0x0000000742660000)
  to   space 4352K,   0% used [0x0000000742660000, 0x0000000742660000, 0x0000000742aa0000)
 concurrent mark-sweep generation total 87424K, used 5797K [0x0000000769990000, 0x000000076eef0000, 0x00000007c0000000)
 Metaspace       used 25338K, capacity 25506K, committed 25772K, reserved 1073152K
  class space    used 2959K, capacity 3040K, committed 3044K, reserved 1048576K
}
Event: 6.081 GC heap before
{Heap before GC invocations=8 (full 1):
 par new generation   total 39296K, used 35534K [0x0000000740000000, 0x0000000742aa0000, 0x0000000769990000)
  eden space 34944K, 100% used [0x0000000740000000, 0x0000000742220000, 0x0000000742220000)
  from space 4352K,  13% used [0x0000000742220000, 0x00000007422b3920, 0x0000000742660000)
  to   space 4352K,   0% used [0x0000000742660000, 0x0000000742660000, 0x0000000742aa0000)
 concurrent mark-sweep generation total 87424K, used 5797K [0x0000000769990000, 0x000000076eef0000, 0x00000007c0000000)
 Metaspace       used 27510K, capacity 27698K, committed 27820K, reserved 1073152K
  class space    used 3243K, capacity 3300K, committed 3300K, reserved 1048576K
Event: 6.085 GC heap after
Heap after GC invocations=9 (full 1):
 par new generation   total 39296K, used 2717K [0x0000000740000000, 0x0000000742aa0000, 0x0000000769990000)
  eden space 34944K,   0% used [0x0000000740000000, 0x0000000740000000, 0x0000000742220000)
  from space 4352K,  62% used [0x0000000742660000, 0x00000007429076e0, 0x0000000742aa0000)
  to   space 4352K,   0% used [0x0000000742220000, 0x0000000742220000, 0x0000000742660000)
 concurrent mark-sweep generation total 87424K, used 5797K [0x0000000769990000, 0x000000076eef0000, 0x00000007c0000000)
 Metaspace       used 27510K, capacity 27698K, committed 27820K, reserved 1073152K
  class space    used 3243K, capacity 3300K, committed 3300K, reserved 1048576K
}
Event: 9.791 GC heap before
{Heap before GC invocations=9 (full 1):
 par new generation   total 39296K, used 37661K [0x0000000740000000, 0x0000000742aa0000, 0x0000000769990000)
  eden space 34944K, 100% used [0x0000000740000000, 0x0000000742220000, 0x0000000742220000)
  from space 4352K,  62% used [0x0000000742660000, 0x00000007429076e0, 0x0000000742aa0000)
  to   space 4352K,   0% used [0x0000000742220000, 0x0000000742220000, 0x0000000742660000)
 concurrent mark-sweep generation total 87424K, used 5797K [0x0000000769990000, 0x000000076eef0000, 0x00000007c0000000)
 Metaspace       used 32281K, capacity 32530K, committed 32812K, reserved 1079296K
  class space    used 3761K, capacity 3844K, committed 3940K, reserved 1048576K
Event: 9.798 GC heap after
Heap after GC invocations=10 (full 1):
 par new generation   total 39296K, used 4351K [0x0000000740000000, 0x0000000742aa0000, 0x0000000769990000)
  eden space 34944K,   0% used [0x0000000740000000, 0x0000000740000000, 0x0000000742220000)
  from space 4352K,  99% used [0x0000000742220000, 0x000000074265fff8, 0x0000000742660000)
  to   space 4352K,   0% used [0x0000000742660000, 0x0000000742660000, 0x0000000742aa0000)
 concurrent mark-sweep generation total 87424K, used 7227K [0x0000000769990000, 0x000000076eef0000, 0x00000007c0000000)
 Metaspace       used 32281K, capacity 32530K, committed 32812K, reserved 1079296K
  class space    used 3761K, capacity 3844K, committed 3940K, reserved 1048576K
}
Event: 10.184 GC heap before
{Heap before GC invocations=10 (full 1):
 par new generation   total 39296K, used 39295K [0x0000000740000000, 0x0000000742aa0000, 0x0000000769990000)
  eden space 34944K, 100% used [0x0000000740000000, 0x0000000742220000, 0x0000000742220000)
  from space 4352K,  99% used [0x0000000742220000, 0x000000074265fff8, 0x0000000742660000)
  to   space 4352K,   0% used [0x0000000742660000, 0x0000000742660000, 0x0000000742aa0000)
 concurrent mark-sweep generation total 87424K, used 7227K [0x0000000769990000, 0x000000076eef0000, 0x00000007c0000000)
 Metaspace       used 33320K, capacity 33490K, committed 33708K, reserved 1079296K
  class space    used 3881K, capacity 3972K, committed 4068K, reserved 1048576K
Event: 10.191 GC heap after
Heap after GC invocations=11 (full 1):
 par new generation   total 39296K, used 2724K [0x0000000740000000, 0x0000000742aa0000, 0x0000000769990000)
  eden space 34944K,   0% used [0x0000000740000000, 0x0000000740000000, 0x0000000742220000)
  from space 4352K,  62% used [0x0000000742660000, 0x00000007429093c8, 0x0000000742aa0000)
  to   space 4352K,   0% used [0x0000000742220000, 0x0000000742220000, 0x0000000742660000)
 concurrent mark-sweep generation total 87424K, used 8335K [0x0000000769990000, 0x000000076eef0000, 0x00000007c0000000)
 Metaspace       used 33320K, capacity 33490K, committed 33708K, reserved 1079296K
  class space    used 3881K, capacity 3972K, committed 4068K, reserved 1048576K
}
Event: 13.341 GC heap before
{Heap before GC invocations=11 (full 1):
 par new generation   total 39296K, used 37668K [0x0000000740000000, 0x0000000742aa0000, 0x0000000769990000)
  eden space 34944K, 100% used [0x0000000740000000, 0x0000000742220000, 0x0000000742220000)
  from space 4352K,  62% used [0x0000000742660000, 0x00000007429093c8, 0x0000000742aa0000)
  to   space 4352K,   0% used [0x0000000742220000, 0x0000000742220000, 0x0000000742660000)
 concurrent mark-sweep generation total 87424K, used 8335K [0x0000000769990000, 0x000000076eef0000, 0x00000007c0000000)
 Metaspace       used 35820K, capacity 35992K, committed 36268K, reserved 1081344K
  class space    used 4148K, capacity 4229K, committed 4324K, reserved 1048576K
Event: 13.350 GC heap after
Heap after GC invocations=12 (full 1):
 par new generation   total 39296K, used 3198K [0x0000000740000000, 0x0000000742aa0000, 0x0000000769990000)
  eden space 34944K,   0% used [0x0000000740000000, 0x0000000740000000, 0x0000000742220000)
  from space 4352K,  73% used [0x0000000742220000, 0x000000074253fa58, 0x0000000742660000)
  to   space 4352K,   0% used [0x0000000742660000, 0x0000000742660000, 0x0000000742aa0000)
 concurrent mark-sweep generation total 87424K, used 9397K [0x0000000769990000, 0x000000076eef0000, 0x00000007c0000000)
 Metaspace       used 35820K, capacity 35992K, committed 36268K, reserved 1081344K
  class space    used 4148K, capacity 4229K, committed 4324K, reserved 1048576K
}

